{"/Users/thq/Documents/RV/madrid/module-7-adv-BE/todo-demo/src/app.controller.ts": {"path":"/Users/thq/Documents/RV/madrid/module-7-adv-BE/todo-demo/src/app.controller.ts","statementMap":{"0":{"start":{"line":1,"column":0},"end":{"line":1,"column":49}},"1":{"start":{"line":2,"column":0},"end":{"line":2,"column":43}},"2":{"start":{"line":5,"column":7},"end":{"line":12,"column":null}},"3":{"start":{"line":6,"column":31},"end":{"line":6,"column":43}},"4":{"start":{"line":10,"column":4},"end":{"line":10,"column":38}},"5":{"start":{"line":5,"column":13},"end":{"line":5,"column":26}},"6":{"start":{"line":9,"column":2},"end":{"line":11,"column":null}},"7":{"start":{"line":5,"column":13},"end":{"line":12,"column":null}}},"fnMap":{"0":{"name":"(anonymous_2)","decl":{"start":{"line":6,"column":2},"end":{"line":6,"column":31}},"loc":{"start":{"line":6,"column":53},"end":{"line":6,"column":57}}},"1":{"name":"(anonymous_3)","decl":{"start":{"line":9,"column":2},"end":{"line":9,"column":10}},"loc":{"start":{"line":9,"column":10},"end":{"line":11,"column":3}}}},"branchMap":{"0":{"loc":{"start":{"line":6,"column":43},"end":{"line":6,"column":56}},"type":"cond-expr","locations":[{"start":{"line":6,"column":53},"end":{"line":6,"column":56}},{"start":{"line":6,"column":53},"end":{"line":6,"column":56}}]},"1":{"loc":{"start":{"line":6,"column":43},"end":{"line":6,"column":53}},"type":"binary-expr","locations":[{"start":{"line":6,"column":43},"end":{"line":6,"column":56}},{"start":{"line":6,"column":43},"end":{"line":6,"column":53}}]}},"s":{"0":1,"1":1,"2":1,"3":1,"4":1,"5":1,"6":1,"7":1},"f":{"0":1,"1":1},"b":{"0":[1,0],"1":[1,1]}}
,"/Users/thq/Documents/RV/madrid/module-7-adv-BE/todo-demo/src/app.module.ts": {"path":"/Users/thq/Documents/RV/madrid/module-7-adv-BE/todo-demo/src/app.module.ts","statementMap":{"0":{"start":{"line":1,"column":0},"end":{"line":1,"column":40}},"1":{"start":{"line":2,"column":0},"end":{"line":2,"column":46}},"2":{"start":{"line":3,"column":0},"end":{"line":3,"column":41}},"3":{"start":{"line":4,"column":0},"end":{"line":4,"column":51}},"4":{"start":{"line":5,"column":0},"end":{"line":5,"column":54}},"5":{"start":{"line":6,"column":0},"end":{"line":6,"column":53}},"6":{"start":{"line":7,"column":0},"end":{"line":7,"column":53}},"7":{"start":{"line":8,"column":0},"end":{"line":8,"column":35}},"8":{"start":{"line":27,"column":7},"end":{"line":27,"column":null}},"9":{"start":{"line":27,"column":13},"end":{"line":27,"column":22}},"10":{"start":{"line":27,"column":13},"end":{"line":27,"column":null}}},"fnMap":{},"branchMap":{},"s":{"0":0,"1":0,"2":0,"3":0,"4":0,"5":0,"6":0,"7":0,"8":0,"9":0,"10":0},"f":{},"b":{}}
,"/Users/thq/Documents/RV/madrid/module-7-adv-BE/todo-demo/src/app.service.ts": {"path":"/Users/thq/Documents/RV/madrid/module-7-adv-BE/todo-demo/src/app.service.ts","statementMap":{"0":{"start":{"line":1,"column":0},"end":{"line":1,"column":44}},"1":{"start":{"line":4,"column":7},"end":{"line":8,"column":null}},"2":{"start":{"line":6,"column":4},"end":{"line":6,"column":26}},"3":{"start":{"line":4,"column":13},"end":{"line":4,"column":23}},"4":{"start":{"line":4,"column":13},"end":{"line":8,"column":null}}},"fnMap":{"0":{"name":"(anonymous_1)","decl":{"start":{"line":5,"column":2},"end":{"line":5,"column":10}},"loc":{"start":{"line":5,"column":10},"end":{"line":7,"column":3}}}},"branchMap":{},"s":{"0":1,"1":1,"2":1,"3":1,"4":1},"f":{"0":1},"b":{}}
,"/Users/thq/Documents/RV/madrid/module-7-adv-BE/todo-demo/src/main.ts": {"path":"/Users/thq/Documents/RV/madrid/module-7-adv-BE/todo-demo/src/main.ts","statementMap":{"0":{"start":{"line":1,"column":0},"end":{"line":1,"column":43}},"1":{"start":{"line":2,"column":0},"end":{"line":2,"column":41}},"2":{"start":{"line":5,"column":14},"end":{"line":5,"column":49}},"3":{"start":{"line":6,"column":2},"end":{"line":6,"column":45}},"4":{"start":{"line":8,"column":0},"end":{"line":8,"column":12}}},"fnMap":{"0":{"name":"bootstrap","decl":{"start":{"line":4,"column":15},"end":{"line":4,"column":24}},"loc":{"start":{"line":4,"column":24},"end":{"line":7,"column":1}}}},"branchMap":{"0":{"loc":{"start":{"line":6,"column":19},"end":{"line":6,"column":43}},"type":"binary-expr","locations":[{"start":{"line":6,"column":19},"end":{"line":6,"column":35}},{"start":{"line":6,"column":39},"end":{"line":6,"column":43}}]}},"s":{"0":0,"1":0,"2":0,"3":0,"4":0},"f":{"0":0},"b":{"0":[0,0]}}
,"/Users/thq/Documents/RV/madrid/module-7-adv-BE/todo-demo/src/controllers/auth.controller.ts": {"path":"/Users/thq/Documents/RV/madrid/module-7-adv-BE/todo-demo/src/controllers/auth.controller.ts","statementMap":{"0":{"start":{"line":1,"column":0},"end":{"line":1,"column":null}},"1":{"start":{"line":9,"column":0},"end":{"line":9,"column":55}},"2":{"start":{"line":10,"column":0},"end":{"line":10,"column":43}},"3":{"start":{"line":12,"column":0},"end":{"line":12,"column":45}},"4":{"start":{"line":13,"column":0},"end":{"line":13,"column":55}},"5":{"start":{"line":16,"column":7},"end":{"line":50,"column":null}},"6":{"start":{"line":17,"column":22},"end":{"line":17,"column":35}},"7":{"start":{"line":23,"column":4},"end":{"line":23,"column":40}},"8":{"start":{"line":30,"column":4},"end":{"line":30,"column":40}},"9":{"start":{"line":37,"column":4},"end":{"line":37,"column":43}},"10":{"start":{"line":48,"column":4},"end":{"line":48,"column":64}},"11":{"start":{"line":16,"column":13},"end":{"line":16,"column":27}},"12":{"start":{"line":22,"column":2},"end":{"line":24,"column":null}},"13":{"start":{"line":29,"column":2},"end":{"line":31,"column":null}},"14":{"start":{"line":36,"column":2},"end":{"line":38,"column":null}},"15":{"start":{"line":44,"column":2},"end":{"line":49,"column":null}},"16":{"start":{"line":16,"column":13},"end":{"line":50,"column":null}}},"fnMap":{"0":{"name":"(anonymous_4)","decl":{"start":{"line":17,"column":2},"end":{"line":17,"column":22}},"loc":{"start":{"line":17,"column":46},"end":{"line":17,"column":50}}},"1":{"name":"(anonymous_5)","decl":{"start":{"line":22,"column":2},"end":{"line":22,"column":8}},"loc":{"start":{"line":22,"column":29},"end":{"line":24,"column":3}}},"2":{"name":"(anonymous_6)","decl":{"start":{"line":29,"column":2},"end":{"line":29,"column":8}},"loc":{"start":{"line":29,"column":29},"end":{"line":31,"column":3}}},"3":{"name":"(anonymous_7)","decl":{"start":{"line":36,"column":2},"end":{"line":36,"column":8}},"loc":{"start":{"line":36,"column":46},"end":{"line":38,"column":3}}},"4":{"name":"(anonymous_8)","decl":{"start":{"line":44,"column":2},"end":{"line":44,"column":15}},"loc":{"start":{"line":46,"column":56},"end":{"line":49,"column":3}}}},"branchMap":{"0":{"loc":{"start":{"line":22,"column":22},"end":{"line":22,"column":32}},"type":"cond-expr","locations":[{"start":{"line":22,"column":29},"end":{"line":22,"column":32}},{"start":{"line":22,"column":29},"end":{"line":22,"column":32}}]},"1":{"loc":{"start":{"line":22,"column":22},"end":{"line":22,"column":29}},"type":"binary-expr","locations":[{"start":{"line":22,"column":22},"end":{"line":22,"column":32}},{"start":{"line":22,"column":22},"end":{"line":22,"column":29}}]},"2":{"loc":{"start":{"line":22,"column":32},"end":{"line":22,"column":null}},"type":"cond-expr","locations":[{"start":{"line":22,"column":39},"end":{"line":22,"column":null}},{"start":{"line":22,"column":39},"end":{"line":22,"column":null}}]},"3":{"loc":{"start":{"line":22,"column":32},"end":{"line":22,"column":39}},"type":"binary-expr","locations":[{"start":{"line":22,"column":32},"end":{"line":22,"column":null}},{"start":{"line":22,"column":32},"end":{"line":22,"column":39}}]},"4":{"loc":{"start":{"line":29,"column":22},"end":{"line":29,"column":32}},"type":"cond-expr","locations":[{"start":{"line":29,"column":29},"end":{"line":29,"column":32}},{"start":{"line":29,"column":29},"end":{"line":29,"column":32}}]},"5":{"loc":{"start":{"line":29,"column":22},"end":{"line":29,"column":29}},"type":"binary-expr","locations":[{"start":{"line":29,"column":22},"end":{"line":29,"column":32}},{"start":{"line":29,"column":22},"end":{"line":29,"column":29}}]},"6":{"loc":{"start":{"line":29,"column":32},"end":{"line":29,"column":null}},"type":"cond-expr","locations":[{"start":{"line":29,"column":39},"end":{"line":29,"column":null}},{"start":{"line":29,"column":39},"end":{"line":29,"column":null}}]},"7":{"loc":{"start":{"line":29,"column":32},"end":{"line":29,"column":39}},"type":"binary-expr","locations":[{"start":{"line":29,"column":32},"end":{"line":29,"column":null}},{"start":{"line":29,"column":32},"end":{"line":29,"column":39}}]},"8":{"loc":{"start":{"line":36,"column":49},"end":{"line":36,"column":null}},"type":"cond-expr","locations":[{"start":{"line":36,"column":56},"end":{"line":36,"column":null}},{"start":{"line":36,"column":56},"end":{"line":36,"column":null}}]},"9":{"loc":{"start":{"line":36,"column":49},"end":{"line":36,"column":56}},"type":"binary-expr","locations":[{"start":{"line":36,"column":49},"end":{"line":36,"column":null}},{"start":{"line":36,"column":49},"end":{"line":36,"column":56}}]},"10":{"loc":{"start":{"line":47,"column":5},"end":{"line":47,"column":null}},"type":"cond-expr","locations":[{"start":{"line":47,"column":12},"end":{"line":47,"column":null}},{"start":{"line":47,"column":12},"end":{"line":47,"column":null}}]},"11":{"loc":{"start":{"line":47,"column":5},"end":{"line":47,"column":12}},"type":"binary-expr","locations":[{"start":{"line":47,"column":5},"end":{"line":47,"column":null}},{"start":{"line":47,"column":5},"end":{"line":47,"column":12}}]},"12":{"loc":{"start":{"line":17,"column":35},"end":{"line":17,"column":49}},"type":"cond-expr","locations":[{"start":{"line":17,"column":46},"end":{"line":17,"column":49}},{"start":{"line":17,"column":46},"end":{"line":17,"column":49}}]},"13":{"loc":{"start":{"line":17,"column":35},"end":{"line":17,"column":46}},"type":"binary-expr","locations":[{"start":{"line":17,"column":35},"end":{"line":17,"column":49}},{"start":{"line":17,"column":35},"end":{"line":17,"column":46}}]}},"s":{"0":1,"1":1,"2":1,"3":1,"4":1,"5":1,"6":3,"7":1,"8":1,"9":0,"10":0,"11":1,"12":1,"13":1,"14":1,"15":1,"16":1},"f":{"0":3,"1":1,"2":1,"3":0,"4":0},"b":{"0":[1,0],"1":[1,1],"2":[1,0],"3":[1,1],"4":[1,0],"5":[1,1],"6":[1,0],"7":[1,1],"8":[1,0],"9":[1,1],"10":[1,0],"11":[1,1],"12":[1,0],"13":[1,1]}}
,"/Users/thq/Documents/RV/madrid/module-7-adv-BE/todo-demo/src/controllers/todos.controller.ts": {"path":"/Users/thq/Documents/RV/madrid/module-7-adv-BE/todo-demo/src/controllers/todos.controller.ts","statementMap":{"0":{"start":{"line":1,"column":0},"end":{"line":1,"column":null}},"1":{"start":{"line":12,"column":0},"end":{"line":12,"column":57}},"2":{"start":{"line":13,"column":0},"end":{"line":13,"column":36}},"3":{"start":{"line":14,"column":0},"end":{"line":14,"column":47}},"4":{"start":{"line":18,"column":7},"end":{"line":59,"column":null}},"5":{"start":{"line":19,"column":31},"end":{"line":19,"column":45}},"6":{"start":{"line":27,"column":4},"end":{"line":27,"column":64}},"7":{"start":{"line":32,"column":4},"end":{"line":32,"column":45}},"8":{"start":{"line":40,"column":4},"end":{"line":40,"column":49}},"9":{"start":{"line":49,"column":4},"end":{"line":49,"column":54}},"10":{"start":{"line":57,"column":4},"end":{"line":57,"column":48}},"11":{"start":{"line":18,"column":13},"end":{"line":18,"column":28}},"12":{"start":{"line":22,"column":2},"end":{"line":28,"column":null}},"13":{"start":{"line":31,"column":2},"end":{"line":33,"column":null}},"14":{"start":{"line":36,"column":2},"end":{"line":41,"column":null}},"15":{"start":{"line":44,"column":2},"end":{"line":50,"column":null}},"16":{"start":{"line":53,"column":2},"end":{"line":58,"column":null}},"17":{"start":{"line":18,"column":13},"end":{"line":59,"column":null}}},"fnMap":{"0":{"name":"(anonymous_4)","decl":{"start":{"line":19,"column":2},"end":{"line":19,"column":31}},"loc":{"start":{"line":19,"column":57},"end":{"line":19,"column":61}}},"1":{"name":"(anonymous_5)","decl":{"start":{"line":22,"column":2},"end":{"line":22,"column":8}},"loc":{"start":{"line":25,"column":45},"end":{"line":28,"column":3}}},"2":{"name":"(anonymous_6)","decl":{"start":{"line":31,"column":2},"end":{"line":31,"column":9}},"loc":{"start":{"line":31,"column":47},"end":{"line":33,"column":3}}},"3":{"name":"(anonymous_7)","decl":{"start":{"line":36,"column":2},"end":{"line":36,"column":9}},"loc":{"start":{"line":38,"column":41},"end":{"line":41,"column":3}}},"4":{"name":"(anonymous_8)","decl":{"start":{"line":44,"column":2},"end":{"line":44,"column":8}},"loc":{"start":{"line":47,"column":79},"end":{"line":50,"column":3}}},"5":{"name":"(anonymous_9)","decl":{"start":{"line":53,"column":2},"end":{"line":53,"column":8}},"loc":{"start":{"line":55,"column":41},"end":{"line":58,"column":3}}}},"branchMap":{"0":{"loc":{"start":{"line":19,"column":45},"end":{"line":19,"column":60}},"type":"cond-expr","locations":[{"start":{"line":19,"column":57},"end":{"line":19,"column":60}},{"start":{"line":19,"column":57},"end":{"line":19,"column":60}}]},"1":{"loc":{"start":{"line":19,"column":45},"end":{"line":19,"column":57}},"type":"binary-expr","locations":[{"start":{"line":19,"column":45},"end":{"line":19,"column":60}},{"start":{"line":19,"column":45},"end":{"line":19,"column":57}}]}},"s":{"0":1,"1":1,"2":1,"3":1,"4":1,"5":3,"6":1,"7":1,"8":0,"9":0,"10":0,"11":1,"12":1,"13":1,"14":1,"15":1,"16":1,"17":1},"f":{"0":3,"1":1,"2":1,"3":0,"4":0,"5":0},"b":{"0":[1,0],"1":[1,1]}}
,"/Users/thq/Documents/RV/madrid/module-7-adv-BE/todo-demo/src/decorators/get-current-user.decorator.ts": {"path":"/Users/thq/Documents/RV/madrid/module-7-adv-BE/todo-demo/src/decorators/get-current-user.decorator.ts","statementMap":{"0":{"start":{"line":1,"column":0},"end":{"line":1,"column":72}},"1":{"start":{"line":4,"column":13},"end":{"line":10,"column":2}},"2":{"start":{"line":6,"column":20},"end":{"line":6,"column":55}},"3":{"start":{"line":7,"column":4},"end":{"line":7,"column":35}},"4":{"start":{"line":7,"column":15},"end":{"line":7,"column":35}},"5":{"start":{"line":8,"column":4},"end":{"line":8,"column":30}}},"fnMap":{"0":{"name":"(anonymous_0)","decl":{"start":{"line":5,"column":2},"end":{"line":5,"column":3}},"loc":{"start":{"line":5,"column":74},"end":{"line":9,"column":3}}}},"branchMap":{"0":{"loc":{"start":{"line":7,"column":4},"end":{"line":7,"column":35}},"type":"if","locations":[{"start":{"line":7,"column":4},"end":{"line":7,"column":35}},{"start":{},"end":{}}]}},"s":{"0":2,"1":2,"2":0,"3":0,"4":0,"5":0},"f":{"0":0},"b":{"0":[0,0]}}
,"/Users/thq/Documents/RV/madrid/module-7-adv-BE/todo-demo/src/decorators/index.ts": {"path":"/Users/thq/Documents/RV/madrid/module-7-adv-BE/todo-demo/src/decorators/index.ts","statementMap":{"0":{"start":{"line":1,"column":0},"end":{"line":1,"column":35}},"1":{"start":{"line":2,"column":0},"end":{"line":2,"column":45}}},"fnMap":{},"branchMap":{},"s":{"0":2,"1":2},"f":{},"b":{}}
,"/Users/thq/Documents/RV/madrid/module-7-adv-BE/todo-demo/src/decorators/public.decorator.ts": {"path":"/Users/thq/Documents/RV/madrid/module-7-adv-BE/todo-demo/src/decorators/public.decorator.ts","statementMap":{"0":{"start":{"line":1,"column":0},"end":{"line":1,"column":45}},"1":{"start":{"line":3,"column":22},"end":{"line":3,"column":57}},"2":{"start":{"line":3,"column":28},"end":{"line":3,"column":57}},"3":{"start":{"line":3,"column":13},"end":{"line":3,"column":22}}},"fnMap":{"0":{"name":"(anonymous_0)","decl":{"start":{"line":3,"column":22},"end":{"line":3,"column":25}},"loc":{"start":{"line":3,"column":28},"end":{"line":3,"column":57}}}},"branchMap":{},"s":{"0":2,"1":2,"2":3,"3":2},"f":{"0":3},"b":{}}
,"/Users/thq/Documents/RV/madrid/module-7-adv-BE/todo-demo/src/dtos/auth.dto.ts": {"path":"/Users/thq/Documents/RV/madrid/module-7-adv-BE/todo-demo/src/dtos/auth.dto.ts","statementMap":{"0":{"start":{"line":1,"column":0},"end":{"line":1,"column":75}},"1":{"start":{"line":3,"column":0},"end":{"line":3,"column":13}},"2":{"start":{"line":6,"column":2},"end":{"line":6,"column":null}},"3":{"start":{"line":11,"column":2},"end":{"line":11,"column":null}},"4":{"start":{"line":14,"column":2},"end":{"line":14,"column":null}}},"fnMap":{},"branchMap":{},"s":{"0":1,"1":1,"2":1,"3":1,"4":1},"f":{},"b":{}}
,"/Users/thq/Documents/RV/madrid/module-7-adv-BE/todo-demo/src/guards/at.guard.ts": {"path":"/Users/thq/Documents/RV/madrid/module-7-adv-BE/todo-demo/src/guards/at.guard.ts","statementMap":{"0":{"start":{"line":1,"column":0},"end":{"line":1,"column":62}},"1":{"start":{"line":2,"column":0},"end":{"line":2,"column":41}},"2":{"start":{"line":3,"column":0},"end":{"line":3,"column":45}},"3":{"start":{"line":6,"column":7},"end":{"line":21,"column":null}},"4":{"start":{"line":8,"column":4},"end":{"line":8,"column":12}},"5":{"start":{"line":7,"column":22},"end":{"line":7,"column":33}},"6":{"start":{"line":12,"column":21},"end":{"line":15,"column":6}},"7":{"start":{"line":17,"column":4},"end":{"line":17,"column":30}},"8":{"start":{"line":17,"column":18},"end":{"line":17,"column":30}},"9":{"start":{"line":19,"column":4},"end":{"line":19,"column":38}},"10":{"start":{"line":6,"column":13},"end":{"line":6,"column":20}},"11":{"start":{"line":6,"column":13},"end":{"line":21,"column":null}}},"fnMap":{"0":{"name":"(anonymous_2)","decl":{"start":{"line":7,"column":2},"end":{"line":7,"column":22}},"loc":{"start":{"line":7,"column":42},"end":{"line":9,"column":3}}},"1":{"name":"(anonymous_3)","decl":{"start":{"line":11,"column":2},"end":{"line":11,"column":13}},"loc":{"start":{"line":11,"column":39},"end":{"line":20,"column":3}}}},"branchMap":{"0":{"loc":{"start":{"line":17,"column":4},"end":{"line":17,"column":30}},"type":"if","locations":[{"start":{"line":17,"column":4},"end":{"line":17,"column":30}},{"start":{},"end":{}}]},"1":{"loc":{"start":{"line":7,"column":33},"end":{"line":7,"column":null}},"type":"cond-expr","locations":[{"start":{"line":7,"column":42},"end":{"line":7,"column":null}},{"start":{"line":7,"column":42},"end":{"line":7,"column":null}}]},"2":{"loc":{"start":{"line":7,"column":33},"end":{"line":7,"column":42}},"type":"binary-expr","locations":[{"start":{"line":7,"column":33},"end":{"line":7,"column":null}},{"start":{"line":7,"column":33},"end":{"line":7,"column":42}}]}},"s":{"0":2,"1":2,"2":2,"3":2,"4":6,"5":6,"6":0,"7":0,"8":0,"9":0,"10":2,"11":2},"f":{"0":6,"1":0},"b":{"0":[0,0],"1":[2,0],"2":[2,2]}}
,"/Users/thq/Documents/RV/madrid/module-7-adv-BE/todo-demo/src/guards/index.ts": {"path":"/Users/thq/Documents/RV/madrid/module-7-adv-BE/todo-demo/src/guards/index.ts","statementMap":{"0":{"start":{"line":1,"column":0},"end":{"line":1,"column":27}},"1":{"start":{"line":2,"column":0},"end":{"line":2,"column":27}}},"fnMap":{},"branchMap":{},"s":{"0":2,"1":2},"f":{},"b":{}}
,"/Users/thq/Documents/RV/madrid/module-7-adv-BE/todo-demo/src/guards/rt.guard.ts": {"path":"/Users/thq/Documents/RV/madrid/module-7-adv-BE/todo-demo/src/guards/rt.guard.ts","statementMap":{"0":{"start":{"line":1,"column":0},"end":{"line":1,"column":45}},"1":{"start":{"line":5,"column":4},"end":{"line":5,"column":12}},"2":{"start":{"line":3,"column":0},"end":{"line":3,"column":13}}},"fnMap":{"0":{"name":"(anonymous_0)","decl":{"start":{"line":4,"column":2},"end":{"line":4,"column":null}},"loc":{"start":{"line":4,"column":2},"end":{"line":6,"column":3}}}},"branchMap":{},"s":{"0":2,"1":3,"2":2},"f":{"0":3},"b":{}}
,"/Users/thq/Documents/RV/madrid/module-7-adv-BE/todo-demo/src/modules/auth.module.ts": {"path":"/Users/thq/Documents/RV/madrid/module-7-adv-BE/todo-demo/src/modules/auth.module.ts","statementMap":{"0":{"start":{"line":1,"column":0},"end":{"line":1,"column":40}},"1":{"start":{"line":2,"column":0},"end":{"line":2,"column":40}},"2":{"start":{"line":3,"column":0},"end":{"line":3,"column":64}},"3":{"start":{"line":4,"column":0},"end":{"line":4,"column":55}},"4":{"start":{"line":5,"column":0},"end":{"line":5,"column":55}},"5":{"start":{"line":6,"column":0},"end":{"line":6,"column":45}},"6":{"start":{"line":13,"column":7},"end":{"line":13,"column":null}},"7":{"start":{"line":13,"column":13},"end":{"line":13,"column":23}},"8":{"start":{"line":13,"column":13},"end":{"line":13,"column":null}}},"fnMap":{},"branchMap":{},"s":{"0":0,"1":0,"2":0,"3":0,"4":0,"5":0,"6":0,"7":0,"8":0},"f":{},"b":{}}
,"/Users/thq/Documents/RV/madrid/module-7-adv-BE/todo-demo/src/modules/todos.module.ts": {"path":"/Users/thq/Documents/RV/madrid/module-7-adv-BE/todo-demo/src/modules/todos.module.ts","statementMap":{"0":{"start":{"line":1,"column":0},"end":{"line":1,"column":40}},"1":{"start":{"line":2,"column":0},"end":{"line":2,"column":57}},"2":{"start":{"line":3,"column":0},"end":{"line":3,"column":66}},"3":{"start":{"line":4,"column":0},"end":{"line":4,"column":67}},"4":{"start":{"line":10,"column":7},"end":{"line":10,"column":null}},"5":{"start":{"line":10,"column":13},"end":{"line":10,"column":24}},"6":{"start":{"line":10,"column":13},"end":{"line":10,"column":null}}},"fnMap":{},"branchMap":{},"s":{"0":0,"1":0,"2":0,"3":0,"4":0,"5":0,"6":0},"f":{},"b":{}}
,"/Users/thq/Documents/RV/madrid/module-7-adv-BE/todo-demo/src/modules/users.module.ts": {"path":"/Users/thq/Documents/RV/madrid/module-7-adv-BE/todo-demo/src/modules/users.module.ts","statementMap":{"0":{"start":{"line":1,"column":0},"end":{"line":1,"column":40}},"1":{"start":{"line":2,"column":0},"end":{"line":2,"column":57}},"2":{"start":{"line":3,"column":0},"end":{"line":3,"column":67}},"3":{"start":{"line":9,"column":7},"end":{"line":9,"column":null}},"4":{"start":{"line":9,"column":13},"end":{"line":9,"column":24}},"5":{"start":{"line":9,"column":13},"end":{"line":9,"column":null}}},"fnMap":{},"branchMap":{},"s":{"0":0,"1":0,"2":0,"3":0,"4":0,"5":0},"f":{},"b":{}}
,"/Users/thq/Documents/RV/madrid/module-7-adv-BE/todo-demo/src/prisma/prisma.module.ts": {"path":"/Users/thq/Documents/RV/madrid/module-7-adv-BE/todo-demo/src/prisma/prisma.module.ts","statementMap":{"0":{"start":{"line":1,"column":0},"end":{"line":1,"column":48}},"1":{"start":{"line":2,"column":0},"end":{"line":2,"column":49}},"2":{"start":{"line":9,"column":7},"end":{"line":9,"column":null}},"3":{"start":{"line":9,"column":13},"end":{"line":9,"column":25}},"4":{"start":{"line":9,"column":13},"end":{"line":9,"column":null}}},"fnMap":{},"branchMap":{},"s":{"0":0,"1":0,"2":0,"3":0,"4":0},"f":{},"b":{}}
,"/Users/thq/Documents/RV/madrid/module-7-adv-BE/todo-demo/src/prisma/prisma.service.ts": {"path":"/Users/thq/Documents/RV/madrid/module-7-adv-BE/todo-demo/src/prisma/prisma.service.ts","statementMap":{"0":{"start":{"line":1,"column":0},"end":{"line":1,"column":75}},"1":{"start":{"line":2,"column":0},"end":{"line":2,"column":46}},"2":{"start":{"line":3,"column":0},"end":{"line":3,"column":26}},"3":{"start":{"line":4,"column":0},"end":{"line":4,"column":46}},"4":{"start":{"line":7,"column":7},"end":{"line":22,"column":null}},"5":{"start":{"line":9,"column":29},"end":{"line":9,"column":58}},"6":{"start":{"line":10,"column":17},"end":{"line":10,"column":47}},"7":{"start":{"line":11,"column":20},"end":{"line":11,"column":38}},"8":{"start":{"line":12,"column":4},"end":{"line":12,"column":23}},"9":{"start":{"line":16,"column":4},"end":{"line":16,"column":26}},"10":{"start":{"line":20,"column":4},"end":{"line":20,"column":29}},"11":{"start":{"line":7,"column":13},"end":{"line":7,"column":26}},"12":{"start":{"line":7,"column":13},"end":{"line":22,"column":null}}},"fnMap":{"0":{"name":"(anonymous_2)","decl":{"start":{"line":8,"column":2},"end":{"line":8,"column":null}},"loc":{"start":{"line":8,"column":2},"end":{"line":13,"column":3}}},"1":{"name":"(anonymous_3)","decl":{"start":{"line":15,"column":2},"end":{"line":15,"column":7}},"loc":{"start":{"line":15,"column":20},"end":{"line":17,"column":3}}},"2":{"name":"(anonymous_4)","decl":{"start":{"line":19,"column":2},"end":{"line":19,"column":7}},"loc":{"start":{"line":19,"column":23},"end":{"line":21,"column":3}}}},"branchMap":{},"s":{"0":7,"1":7,"2":7,"3":7,"4":7,"5":0,"6":0,"7":0,"8":0,"9":0,"10":0,"11":7,"12":7},"f":{"0":0,"1":0,"2":0},"b":{}}
,"/Users/thq/Documents/RV/madrid/module-7-adv-BE/todo-demo/src/repositories/todos.repository.ts": {"path":"/Users/thq/Documents/RV/madrid/module-7-adv-BE/todo-demo/src/repositories/todos.repository.ts","statementMap":{"0":{"start":{"line":1,"column":0},"end":{"line":1,"column":44}},"1":{"start":{"line":2,"column":0},"end":{"line":2,"column":57}},"2":{"start":{"line":6,"column":7},"end":{"line":43,"column":null}},"3":{"start":{"line":7,"column":22},"end":{"line":7,"column":30}},"4":{"start":{"line":10,"column":4},"end":{"line":12,"column":7}},"5":{"start":{"line":16,"column":4},"end":{"line":18,"column":7}},"6":{"start":{"line":22,"column":4},"end":{"line":24,"column":7}},"7":{"start":{"line":31,"column":28},"end":{"line":31,"column":34}},"8":{"start":{"line":32,"column":4},"end":{"line":35,"column":7}},"9":{"start":{"line":39,"column":4},"end":{"line":41,"column":7}},"10":{"start":{"line":6,"column":13},"end":{"line":6,"column":28}},"11":{"start":{"line":6,"column":13},"end":{"line":43,"column":null}}},"fnMap":{"0":{"name":"(anonymous_2)","decl":{"start":{"line":7,"column":2},"end":{"line":7,"column":22}},"loc":{"start":{"line":7,"column":43},"end":{"line":7,"column":47}}},"1":{"name":"(anonymous_3)","decl":{"start":{"line":9,"column":2},"end":{"line":9,"column":7}},"loc":{"start":{"line":9,"column":43},"end":{"line":13,"column":3}}},"2":{"name":"(anonymous_4)","decl":{"start":{"line":15,"column":2},"end":{"line":15,"column":7}},"loc":{"start":{"line":15,"column":44},"end":{"line":19,"column":3}}},"3":{"name":"(anonymous_5)","decl":{"start":{"line":21,"column":2},"end":{"line":21,"column":7}},"loc":{"start":{"line":21,"column":53},"end":{"line":25,"column":3}}},"4":{"name":"(anonymous_6)","decl":{"start":{"line":27,"column":2},"end":{"line":27,"column":7}},"loc":{"start":{"line":30,"column":3},"end":{"line":36,"column":3}}},"5":{"name":"(anonymous_7)","decl":{"start":{"line":38,"column":2},"end":{"line":38,"column":7}},"loc":{"start":{"line":38,"column":49},"end":{"line":42,"column":3}}}},"branchMap":{"0":{"loc":{"start":{"line":7,"column":30},"end":{"line":7,"column":46}},"type":"cond-expr","locations":[{"start":{"line":7,"column":43},"end":{"line":7,"column":46}},{"start":{"line":7,"column":43},"end":{"line":7,"column":46}}]},"1":{"loc":{"start":{"line":7,"column":30},"end":{"line":7,"column":43}},"type":"binary-expr","locations":[{"start":{"line":7,"column":30},"end":{"line":7,"column":46}},{"start":{"line":7,"column":30},"end":{"line":7,"column":43}}]}},"s":{"0":3,"1":3,"2":3,"3":3,"4":1,"5":1,"6":0,"7":0,"8":0,"9":0,"10":3,"11":3},"f":{"0":3,"1":1,"2":1,"3":0,"4":0,"5":0},"b":{"0":[3,0],"1":[3,3]}}
,"/Users/thq/Documents/RV/madrid/module-7-adv-BE/todo-demo/src/repositories/users.repository.ts": {"path":"/Users/thq/Documents/RV/madrid/module-7-adv-BE/todo-demo/src/repositories/users.repository.ts","statementMap":{"0":{"start":{"line":1,"column":0},"end":{"line":1,"column":44}},"1":{"start":{"line":2,"column":0},"end":{"line":2,"column":57}},"2":{"start":{"line":6,"column":7},"end":{"line":37,"column":null}},"3":{"start":{"line":7,"column":22},"end":{"line":7,"column":30}},"4":{"start":{"line":10,"column":4},"end":{"line":12,"column":7}},"5":{"start":{"line":16,"column":4},"end":{"line":18,"column":7}},"6":{"start":{"line":25,"column":28},"end":{"line":25,"column":34}},"7":{"start":{"line":26,"column":4},"end":{"line":29,"column":7}},"8":{"start":{"line":33,"column":4},"end":{"line":35,"column":7}},"9":{"start":{"line":6,"column":13},"end":{"line":6,"column":28}},"10":{"start":{"line":6,"column":13},"end":{"line":37,"column":null}}},"fnMap":{"0":{"name":"(anonymous_2)","decl":{"start":{"line":7,"column":2},"end":{"line":7,"column":22}},"loc":{"start":{"line":7,"column":43},"end":{"line":7,"column":47}}},"1":{"name":"(anonymous_3)","decl":{"start":{"line":9,"column":2},"end":{"line":9,"column":7}},"loc":{"start":{"line":9,"column":53},"end":{"line":13,"column":3}}},"2":{"name":"(anonymous_4)","decl":{"start":{"line":15,"column":2},"end":{"line":15,"column":7}},"loc":{"start":{"line":15,"column":43},"end":{"line":19,"column":3}}},"3":{"name":"(anonymous_5)","decl":{"start":{"line":21,"column":2},"end":{"line":21,"column":7}},"loc":{"start":{"line":24,"column":3},"end":{"line":30,"column":3}}},"4":{"name":"(anonymous_6)","decl":{"start":{"line":32,"column":2},"end":{"line":32,"column":7}},"loc":{"start":{"line":32,"column":49},"end":{"line":36,"column":3}}}},"branchMap":{"0":{"loc":{"start":{"line":7,"column":30},"end":{"line":7,"column":46}},"type":"cond-expr","locations":[{"start":{"line":7,"column":43},"end":{"line":7,"column":46}},{"start":{"line":7,"column":43},"end":{"line":7,"column":46}}]},"1":{"loc":{"start":{"line":7,"column":30},"end":{"line":7,"column":43}},"type":"binary-expr","locations":[{"start":{"line":7,"column":30},"end":{"line":7,"column":46}},{"start":{"line":7,"column":30},"end":{"line":7,"column":43}}]}},"s":{"0":4,"1":4,"2":4,"3":3,"4":1,"5":1,"6":0,"7":0,"8":0,"9":4,"10":4},"f":{"0":3,"1":1,"2":1,"3":0,"4":0},"b":{"0":[4,0],"1":[4,4]}}
,"/Users/thq/Documents/RV/madrid/module-7-adv-BE/todo-demo/src/services/auth.service.ts": {"path":"/Users/thq/Documents/RV/madrid/module-7-adv-BE/todo-demo/src/services/auth.service.ts","statementMap":{"0":{"start":{"line":1,"column":0},"end":{"line":1,"column":null}},"1":{"start":{"line":7,"column":0},"end":{"line":7,"column":41}},"2":{"start":{"line":8,"column":0},"end":{"line":8,"column":47}},"3":{"start":{"line":9,"column":0},"end":{"line":9,"column":33}},"4":{"start":{"line":10,"column":0},"end":{"line":10,"column":47}},"5":{"start":{"line":15,"column":7},"end":{"line":98,"column":null}},"6":{"start":{"line":17,"column":12},"end":{"line":17,"column":26}},"7":{"start":{"line":18,"column":12},"end":{"line":18,"column":24}},"8":{"start":{"line":19,"column":12},"end":{"line":19,"column":20}},"9":{"start":{"line":23,"column":23},"end":{"line":23,"column":69}},"10":{"start":{"line":24,"column":4},"end":{"line":24,"column":71}},"11":{"start":{"line":24,"column":20},"end":{"line":24,"column":71}},"12":{"start":{"line":26,"column":27},"end":{"line":26,"column":62}},"13":{"start":{"line":27,"column":20},"end":{"line":31,"column":6}},"14":{"start":{"line":33,"column":19},"end":{"line":33,"column":66}},"15":{"start":{"line":34,"column":4},"end":{"line":34,"column":62}},"16":{"start":{"line":36,"column":4},"end":{"line":36,"column":18}},"17":{"start":{"line":40,"column":17},"end":{"line":40,"column":63}},"18":{"start":{"line":41,"column":4},"end":{"line":41,"column":64}},"19":{"start":{"line":41,"column":15},"end":{"line":41,"column":64}},"20":{"start":{"line":43,"column":28},"end":{"line":43,"column":77}},"21":{"start":{"line":44,"column":4},"end":{"line":44,"column":75}},"22":{"start":{"line":44,"column":26},"end":{"line":44,"column":75}},"23":{"start":{"line":46,"column":19},"end":{"line":46,"column":60}},"24":{"start":{"line":47,"column":4},"end":{"line":47,"column":59}},"25":{"start":{"line":49,"column":4},"end":{"line":49,"column":18}},"26":{"start":{"line":53,"column":4},"end":{"line":53,"column":67}},"27":{"start":{"line":54,"column":4},"end":{"line":54,"column":16}},"28":{"start":{"line":58,"column":17},"end":{"line":58,"column":57}},"29":{"start":{"line":59,"column":4},"end":{"line":60,"column":52}},"30":{"start":{"line":60,"column":6},"end":{"line":60,"column":52}},"31":{"start":{"line":62,"column":22},"end":{"line":62,"column":71}},"32":{"start":{"line":63,"column":4},"end":{"line":63,"column":66}},"33":{"start":{"line":63,"column":20},"end":{"line":63,"column":66}},"34":{"start":{"line":65,"column":19},"end":{"line":65,"column":60}},"35":{"start":{"line":66,"column":4},"end":{"line":66,"column":59}},"36":{"start":{"line":68,"column":4},"end":{"line":68,"column":18}},"37":{"start":{"line":72,"column":17},"end":{"line":72,"column":42}},"38":{"start":{"line":73,"column":4},"end":{"line":73,"column":67}},"39":{"start":{"line":77,"column":35},"end":{"line":80,"column":6}},"40":{"start":{"line":82,"column":21},"end":{"line":91,"column":6}},"41":{"start":{"line":93,"column":4},"end":{"line":96,"column":6}},"42":{"start":{"line":15,"column":13},"end":{"line":15,"column":24}},"43":{"start":{"line":15,"column":13},"end":{"line":98,"column":null}}},"fnMap":{"0":{"name":"(anonymous_11)","decl":{"start":{"line":16,"column":2},"end":{"line":16,"column":null}},"loc":{"start":{"line":19,"column":33},"end":{"line":20,"column":6}}},"1":{"name":"(anonymous_12)","decl":{"start":{"line":22,"column":2},"end":{"line":22,"column":7}},"loc":{"start":{"line":22,"column":27},"end":{"line":37,"column":3}}},"2":{"name":"(anonymous_13)","decl":{"start":{"line":39,"column":2},"end":{"line":39,"column":7}},"loc":{"start":{"line":39,"column":27},"end":{"line":50,"column":3}}},"3":{"name":"(anonymous_14)","decl":{"start":{"line":52,"column":2},"end":{"line":52,"column":7}},"loc":{"start":{"line":52,"column":29},"end":{"line":55,"column":3}}},"4":{"name":"(anonymous_15)","decl":{"start":{"line":57,"column":2},"end":{"line":57,"column":7}},"loc":{"start":{"line":57,"column":48},"end":{"line":69,"column":3}}},"5":{"name":"(anonymous_16)","decl":{"start":{"line":71,"column":2},"end":{"line":71,"column":7}},"loc":{"start":{"line":71,"column":47},"end":{"line":74,"column":3}}},"6":{"name":"(anonymous_17)","decl":{"start":{"line":76,"column":2},"end":{"line":76,"column":7}},"loc":{"start":{"line":76,"column":47},"end":{"line":97,"column":3}}}},"branchMap":{"0":{"loc":{"start":{"line":24,"column":4},"end":{"line":24,"column":71}},"type":"if","locations":[{"start":{"line":24,"column":4},"end":{"line":24,"column":71}},{"start":{},"end":{}}]},"1":{"loc":{"start":{"line":41,"column":4},"end":{"line":41,"column":64}},"type":"if","locations":[{"start":{"line":41,"column":4},"end":{"line":41,"column":64}},{"start":{},"end":{}}]},"2":{"loc":{"start":{"line":44,"column":4},"end":{"line":44,"column":75}},"type":"if","locations":[{"start":{"line":44,"column":4},"end":{"line":44,"column":75}},{"start":{},"end":{}}]},"3":{"loc":{"start":{"line":59,"column":4},"end":{"line":60,"column":52}},"type":"if","locations":[{"start":{"line":59,"column":4},"end":{"line":60,"column":52}},{"start":{},"end":{}}]},"4":{"loc":{"start":{"line":59,"column":8},"end":{"line":59,"column":41}},"type":"binary-expr","locations":[{"start":{"line":59,"column":8},"end":{"line":59,"column":13}},{"start":{"line":59,"column":17},"end":{"line":59,"column":41}}]},"5":{"loc":{"start":{"line":63,"column":4},"end":{"line":63,"column":66}},"type":"if","locations":[{"start":{"line":63,"column":4},"end":{"line":63,"column":66}},{"start":{},"end":{}}]},"6":{"loc":{"start":{"line":17,"column":26},"end":{"line":17,"column":null}},"type":"cond-expr","locations":[{"start":{"line":17,"column":38},"end":{"line":17,"column":null}},{"start":{"line":17,"column":38},"end":{"line":17,"column":null}}]},"7":{"loc":{"start":{"line":17,"column":26},"end":{"line":17,"column":38}},"type":"binary-expr","locations":[{"start":{"line":17,"column":26},"end":{"line":17,"column":null}},{"start":{"line":17,"column":26},"end":{"line":17,"column":38}}]},"8":{"loc":{"start":{"line":17,"column":38},"end":{"line":18,"column":null}},"type":"cond-expr","locations":[{"start":{"line":18,"column":34},"end":{"line":18,"column":null}},{"start":{"line":18,"column":34},"end":{"line":18,"column":null}}]},"9":{"loc":{"start":{"line":17,"column":38},"end":{"line":18,"column":34}},"type":"binary-expr","locations":[{"start":{"line":17,"column":38},"end":{"line":18,"column":null}},{"start":{"line":18,"column":24},"end":{"line":18,"column":34}}]},"10":{"loc":{"start":{"line":18,"column":34},"end":{"line":19,"column":null}},"type":"cond-expr","locations":[{"start":{"line":19,"column":33},"end":{"line":19,"column":null}},{"start":{"line":19,"column":33},"end":{"line":19,"column":null}}]},"11":{"loc":{"start":{"line":18,"column":34},"end":{"line":19,"column":33}},"type":"binary-expr","locations":[{"start":{"line":18,"column":34},"end":{"line":19,"column":null}},{"start":{"line":19,"column":20},"end":{"line":19,"column":33}}]}},"s":{"0":2,"1":2,"2":2,"3":2,"4":2,"5":2,"6":4,"7":4,"8":4,"9":2,"10":2,"11":1,"12":1,"13":1,"14":1,"15":1,"16":1,"17":1,"18":1,"19":1,"20":0,"21":0,"22":0,"23":0,"24":0,"25":0,"26":0,"27":0,"28":0,"29":0,"30":0,"31":0,"32":0,"33":0,"34":0,"35":0,"36":0,"37":1,"38":1,"39":1,"40":1,"41":1,"42":2,"43":2},"f":{"0":4,"1":2,"2":1,"3":0,"4":0,"5":1,"6":1},"b":{"0":[1,1],"1":[1,0],"2":[0,0],"3":[0,0],"4":[0,0],"5":[0,0],"6":[2,0],"7":[2,2],"8":[2,0],"9":[2,2],"10":[2,0],"11":[2,2]}}
,"/Users/thq/Documents/RV/madrid/module-7-adv-BE/todo-demo/src/services/todos.service.ts": {"path":"/Users/thq/Documents/RV/madrid/module-7-adv-BE/todo-demo/src/services/todos.service.ts","statementMap":{"0":{"start":{"line":1,"column":0},"end":{"line":1,"column":83}},"1":{"start":{"line":2,"column":0},"end":{"line":2,"column":67}},"2":{"start":{"line":6,"column":7},"end":{"line":40,"column":null}},"3":{"start":{"line":7,"column":22},"end":{"line":7,"column":34}},"4":{"start":{"line":10,"column":4},"end":{"line":14,"column":7}},"5":{"start":{"line":18,"column":4},"end":{"line":18,"column":47}},"6":{"start":{"line":22,"column":17},"end":{"line":22,"column":57}},"7":{"start":{"line":23,"column":4},"end":{"line":23,"column":75}},"8":{"start":{"line":23,"column":15},"end":{"line":23,"column":75}},"9":{"start":{"line":24,"column":4},"end":{"line":24,"column":78}},"10":{"start":{"line":24,"column":32},"end":{"line":24,"column":78}},"11":{"start":{"line":25,"column":4},"end":{"line":25,"column":16}},"12":{"start":{"line":29,"column":4},"end":{"line":29,"column":35}},"13":{"start":{"line":30,"column":4},"end":{"line":33,"column":7}},"14":{"start":{"line":37,"column":4},"end":{"line":37,"column":35}},"15":{"start":{"line":38,"column":4},"end":{"line":38,"column":42}},"16":{"start":{"line":6,"column":13},"end":{"line":6,"column":25}},"17":{"start":{"line":6,"column":13},"end":{"line":40,"column":null}}},"fnMap":{"0":{"name":"(anonymous_2)","decl":{"start":{"line":7,"column":2},"end":{"line":7,"column":22}},"loc":{"start":{"line":7,"column":49},"end":{"line":7,"column":53}}},"1":{"name":"(anonymous_3)","decl":{"start":{"line":9,"column":2},"end":{"line":9,"column":7}},"loc":{"start":{"line":9,"column":66},"end":{"line":15,"column":3}}},"2":{"name":"(anonymous_4)","decl":{"start":{"line":17,"column":2},"end":{"line":17,"column":7}},"loc":{"start":{"line":17,"column":30},"end":{"line":19,"column":3}}},"3":{"name":"(anonymous_5)","decl":{"start":{"line":21,"column":2},"end":{"line":21,"column":7}},"loc":{"start":{"line":21,"column":42},"end":{"line":26,"column":3}}},"4":{"name":"(anonymous_6)","decl":{"start":{"line":28,"column":2},"end":{"line":28,"column":7}},"loc":{"start":{"line":28,"column":110},"end":{"line":34,"column":3}}},"5":{"name":"(anonymous_7)","decl":{"start":{"line":36,"column":2},"end":{"line":36,"column":7}},"loc":{"start":{"line":36,"column":41},"end":{"line":39,"column":3}}}},"branchMap":{"0":{"loc":{"start":{"line":23,"column":4},"end":{"line":23,"column":75}},"type":"if","locations":[{"start":{"line":23,"column":4},"end":{"line":23,"column":75}},{"start":{},"end":{}}]},"1":{"loc":{"start":{"line":24,"column":4},"end":{"line":24,"column":78}},"type":"if","locations":[{"start":{"line":24,"column":4},"end":{"line":24,"column":78}},{"start":{},"end":{}}]},"2":{"loc":{"start":{"line":7,"column":34},"end":{"line":7,"column":52}},"type":"cond-expr","locations":[{"start":{"line":7,"column":49},"end":{"line":7,"column":52}},{"start":{"line":7,"column":49},"end":{"line":7,"column":52}}]},"3":{"loc":{"start":{"line":7,"column":34},"end":{"line":7,"column":49}},"type":"binary-expr","locations":[{"start":{"line":7,"column":34},"end":{"line":7,"column":52}},{"start":{"line":7,"column":34},"end":{"line":7,"column":49}}]}},"s":{"0":2,"1":2,"2":2,"3":5,"4":1,"5":0,"6":3,"7":3,"8":1,"9":2,"10":1,"11":1,"12":0,"13":0,"14":0,"15":0,"16":2,"17":2},"f":{"0":5,"1":1,"2":0,"3":3,"4":0,"5":0},"b":{"0":[1,2],"1":[1,1],"2":[2,0],"3":[2,2]}}
,"/Users/thq/Documents/RV/madrid/module-7-adv-BE/todo-demo/src/services/users.service.ts": {"path":"/Users/thq/Documents/RV/madrid/module-7-adv-BE/todo-demo/src/services/users.service.ts","statementMap":{"0":{"start":{"line":1,"column":0},"end":{"line":1,"column":44}},"1":{"start":{"line":2,"column":0},"end":{"line":2,"column":67}},"2":{"start":{"line":6,"column":7},"end":{"line":27,"column":null}},"3":{"start":{"line":7,"column":22},"end":{"line":7,"column":34}},"4":{"start":{"line":10,"column":4},"end":{"line":10,"column":49}},"5":{"start":{"line":14,"column":4},"end":{"line":14,"column":46}},"6":{"start":{"line":18,"column":4},"end":{"line":18,"column":40}},"7":{"start":{"line":22,"column":4},"end":{"line":25,"column":7}},"8":{"start":{"line":6,"column":13},"end":{"line":6,"column":25}},"9":{"start":{"line":6,"column":13},"end":{"line":27,"column":null}}},"fnMap":{"0":{"name":"(anonymous_2)","decl":{"start":{"line":7,"column":2},"end":{"line":7,"column":22}},"loc":{"start":{"line":7,"column":49},"end":{"line":7,"column":53}}},"1":{"name":"(anonymous_3)","decl":{"start":{"line":9,"column":2},"end":{"line":9,"column":7}},"loc":{"start":{"line":9,"column":33},"end":{"line":11,"column":3}}},"2":{"name":"(anonymous_4)","decl":{"start":{"line":13,"column":2},"end":{"line":13,"column":7}},"loc":{"start":{"line":13,"column":27},"end":{"line":15,"column":3}}},"3":{"name":"(anonymous_5)","decl":{"start":{"line":17,"column":2},"end":{"line":17,"column":7}},"loc":{"start":{"line":17,"column":43},"end":{"line":19,"column":3}}},"4":{"name":"(anonymous_6)","decl":{"start":{"line":21,"column":2},"end":{"line":21,"column":7}},"loc":{"start":{"line":21,"column":72},"end":{"line":26,"column":3}}}},"branchMap":{"0":{"loc":{"start":{"line":7,"column":34},"end":{"line":7,"column":52}},"type":"cond-expr","locations":[{"start":{"line":7,"column":49},"end":{"line":7,"column":52}},{"start":{"line":7,"column":49},"end":{"line":7,"column":52}}]},"1":{"loc":{"start":{"line":7,"column":34},"end":{"line":7,"column":49}},"type":"binary-expr","locations":[{"start":{"line":7,"column":34},"end":{"line":7,"column":52}},{"start":{"line":7,"column":34},"end":{"line":7,"column":49}}]}},"s":{"0":3,"1":3,"2":3,"3":3,"4":1,"5":0,"6":1,"7":0,"8":3,"9":3},"f":{"0":3,"1":1,"2":0,"3":1,"4":0},"b":{"0":[3,0],"1":[3,3]}}
,"/Users/thq/Documents/RV/madrid/module-7-adv-BE/todo-demo/src/strategies/at.strategy.ts": {"path":"/Users/thq/Documents/RV/madrid/module-7-adv-BE/todo-demo/src/strategies/at.strategy.ts","statementMap":{"0":{"start":{"line":1,"column":0},"end":{"line":1,"column":44}},"1":{"start":{"line":2,"column":0},"end":{"line":2,"column":47}},"2":{"start":{"line":3,"column":0},"end":{"line":3,"column":52}},"3":{"start":{"line":4,"column":0},"end":{"line":4,"column":52}},"4":{"start":{"line":8,"column":7},"end":{"line":19,"column":null}},"5":{"start":{"line":10,"column":4},"end":{"line":13,"column":7}},"6":{"start":{"line":17,"column":4},"end":{"line":17,"column":19}},"7":{"start":{"line":8,"column":13},"end":{"line":8,"column":23}},"8":{"start":{"line":8,"column":13},"end":{"line":19,"column":null}}},"fnMap":{"0":{"name":"(anonymous_2)","decl":{"start":{"line":9,"column":2},"end":{"line":9,"column":14}},"loc":{"start":{"line":9,"column":35},"end":{"line":14,"column":3}}},"1":{"name":"(anonymous_3)","decl":{"start":{"line":16,"column":2},"end":{"line":16,"column":10}},"loc":{"start":{"line":16,"column":30},"end":{"line":18,"column":3}}}},"branchMap":{"0":{"loc":{"start":{"line":12,"column":19},"end":{"line":12,"column":66}},"type":"binary-expr","locations":[{"start":{"line":12,"column":19},"end":{"line":12,"column":51}},{"start":{"line":12,"column":55},"end":{"line":12,"column":66}}]},"1":{"loc":{"start":{"line":9,"column":22},"end":{"line":9,"column":null}},"type":"cond-expr","locations":[{"start":{"line":9,"column":35},"end":{"line":9,"column":null}},{"start":{"line":9,"column":35},"end":{"line":9,"column":null}}]},"2":{"loc":{"start":{"line":9,"column":22},"end":{"line":9,"column":35}},"type":"binary-expr","locations":[{"start":{"line":9,"column":22},"end":{"line":9,"column":null}},{"start":{"line":9,"column":22},"end":{"line":9,"column":35}}]}},"s":{"0":0,"1":0,"2":0,"3":0,"4":0,"5":0,"6":0,"7":0,"8":0},"f":{"0":0,"1":0},"b":{"0":[0,0],"1":[0,0],"2":[0,0]}}
,"/Users/thq/Documents/RV/madrid/module-7-adv-BE/todo-demo/src/strategies/index.ts": {"path":"/Users/thq/Documents/RV/madrid/module-7-adv-BE/todo-demo/src/strategies/index.ts","statementMap":{"0":{"start":{"line":1,"column":0},"end":{"line":1,"column":30}},"1":{"start":{"line":2,"column":0},"end":{"line":2,"column":30}}},"fnMap":{},"branchMap":{},"s":{"0":0,"1":0},"f":{},"b":{}}
,"/Users/thq/Documents/RV/madrid/module-7-adv-BE/todo-demo/src/strategies/rt.strategy.ts": {"path":"/Users/thq/Documents/RV/madrid/module-7-adv-BE/todo-demo/src/strategies/rt.strategy.ts","statementMap":{"0":{"start":{"line":1,"column":0},"end":{"line":1,"column":52}},"1":{"start":{"line":2,"column":0},"end":{"line":2,"column":52}},"2":{"start":{"line":4,"column":0},"end":{"line":4,"column":64}},"3":{"start":{"line":5,"column":0},"end":{"line":5,"column":47}},"4":{"start":{"line":9,"column":7},"end":{"line":31,"column":null}},"5":{"start":{"line":11,"column":4},"end":{"line":15,"column":7}},"6":{"start":{"line":19,"column":25},"end":{"line":22,"column":13}},"7":{"start":{"line":24,"column":4},"end":{"line":24,"column":79}},"8":{"start":{"line":24,"column":23},"end":{"line":24,"column":79}},"9":{"start":{"line":26,"column":4},"end":{"line":29,"column":6}},"10":{"start":{"line":9,"column":13},"end":{"line":9,"column":23}},"11":{"start":{"line":9,"column":13},"end":{"line":31,"column":null}}},"fnMap":{"0":{"name":"(anonymous_2)","decl":{"start":{"line":10,"column":2},"end":{"line":10,"column":14}},"loc":{"start":{"line":10,"column":35},"end":{"line":16,"column":3}}},"1":{"name":"(anonymous_3)","decl":{"start":{"line":18,"column":2},"end":{"line":18,"column":10}},"loc":{"start":{"line":18,"column":44},"end":{"line":30,"column":3}}}},"branchMap":{"0":{"loc":{"start":{"line":13,"column":19},"end":{"line":13,"column":65}},"type":"binary-expr","locations":[{"start":{"line":13,"column":19},"end":{"line":13,"column":50}},{"start":{"line":13,"column":54},"end":{"line":13,"column":65}}]},"1":{"loc":{"start":{"line":24,"column":4},"end":{"line":24,"column":79}},"type":"if","locations":[{"start":{"line":24,"column":4},"end":{"line":24,"column":79}},{"start":{},"end":{}}]},"2":{"loc":{"start":{"line":10,"column":22},"end":{"line":10,"column":null}},"type":"cond-expr","locations":[{"start":{"line":10,"column":35},"end":{"line":10,"column":null}},{"start":{"line":10,"column":35},"end":{"line":10,"column":null}}]},"3":{"loc":{"start":{"line":10,"column":22},"end":{"line":10,"column":35}},"type":"binary-expr","locations":[{"start":{"line":10,"column":22},"end":{"line":10,"column":null}},{"start":{"line":10,"column":22},"end":{"line":10,"column":35}}]}},"s":{"0":0,"1":0,"2":0,"3":0,"4":0,"5":0,"6":0,"7":0,"8":0,"9":0,"10":0,"11":0},"f":{"0":0,"1":0},"b":{"0":[0,0],"1":[0,0],"2":[0,0],"3":[0,0]}}
}
